<?xml version="1.0" encoding="UTF-8" ?>
<testsuite tests="4" failures="0" name="com.mybatis.dao.UserTest" time="0.471" errors="0" skipped="0">
  <properties>
[...]
</properties>
  <testcase classname="com.mybatis.dao.UserTest" name="delete" time="0.312"/>
  <testcase classname="com.mybatis.dao.UserTest" name="insert" time="0.069"/>
  <testcase classname="com.mybatis.dao.UserTest" name="select" time="0.057"/>
  <testcase classname="com.mybatis.dao.UserTest" name="update" time="0.033"/>
</testsuite>